Cutflow
└☑─BaseCut
   pass: 2789 (raw) 3545.44 (wgt)
   fail: 0 (raw)
   └☑─SelectLHEVariables
      pass: 2789 (raw) 3545.44 (wgt)
      fail: 0 (raw)
      └☑─eq2ElectronsPtGt30
         pass: 2782 (raw) 3536.54 (wgt)
         fail: 7 (raw) 8.89856 (wgt)
         └☑─geq1FatjetsMassGt40
            pass: 2782 (raw) 3536.54 (wgt)
            fail: 0 (raw)
            └☑─fatJetHbbScore
               pass: 102 (raw) 129.665 (wgt)
               fail: 2680 (raw) 3406.88 (wgt)
               └☑─geq4JetsPtGt30
                  pass: 9 (raw) 11.441 (wgt)
                  fail: 93 (raw) 118.224 (wgt)
                  └☑─mjjGt500
                     pass: 3 (raw) 3.81367 (wgt)
                     fail: 6 (raw) 7.62734 (wgt)
                     └☑─deltaEtaGt3
                        pass: 3 (raw) 3.81367 (wgt)
                        fail: 0 (raw)
                        └☑─stgeq950
                           pass: 2 (raw) 2.54245 (wgt)
                           fail: 1 (raw) 1.27122 (wgt)
