Cutflow
└☑─BaseCut
   pass: 3662 (raw) 9333.8 (wgt)
   fail: 0 (raw)
   └☑─SelectLHEVariables
      pass: 3662 (raw) 9333.8 (wgt)
      fail: 0 (raw)
      └☑─eq2ElectronsPtGt30
         pass: 3654 (raw) 9313.41 (wgt)
         fail: 8 (raw) 20.3906 (wgt)
         └☑─geq1FatjetsMassGt40
            pass: 3651 (raw) 9305.76 (wgt)
            fail: 3 (raw) 7.64648 (wgt)
            └☑─fatJetHbbScore
               pass: 164 (raw) 418.007 (wgt)
               fail: 3487 (raw) 8887.76 (wgt)
               └☑─geq4JetsPtGt30
                  pass: 19 (raw) 48.4277 (wgt)
                  fail: 145 (raw) 369.58 (wgt)
                  └☑─mjjGt500
                     pass: 4 (raw) 10.1953 (wgt)
                     fail: 15 (raw) 38.2324 (wgt)
                     └☑─deltaEtaGt3
                        pass: 3 (raw) 7.64648 (wgt)
                        fail: 1 (raw) 2.54883 (wgt)
                        └☑─stgeq950
                           pass: 1 (raw) 2.54883 (wgt)
                           fail: 2 (raw) 5.09765 (wgt)
