Cutflow
└☑─BaseCut
   pass: 96001 (raw) 122039 (wgt)
   fail: 0 (raw)
   └☑─SelectLHEVariables
      pass: 96001 (raw) 122039 (wgt)
      fail: 0 (raw)
      └☑─eq2ElectronsPtGt30
         pass: 26117 (raw) 33200.5 (wgt)
         fail: 69884 (raw) 88838.2 (wgt)
         └☑─geq1FatjetsMassGt40
            pass: 8785 (raw) 11167.7 (wgt)
            fail: 17332 (raw) 22032.8 (wgt)
            └☑─fatJetHbbScore
               pass: 312 (raw) 396.622 (wgt)
               fail: 8473 (raw) 10771.1 (wgt)
               └☑─geq4JetsPtGt30
                  pass: 23 (raw) 29.2381 (wgt)
                  fail: 289 (raw) 367.384 (wgt)
                  └☑─mjjGt500
                     pass: 8 (raw) 10.1698 (wgt)
                     fail: 15 (raw) 19.0683 (wgt)
                     └☑─deltaEtaGt3
                        pass: 0 (raw)
                        fail: 8 (raw) 10.1698 (wgt)
                        └☑─stgeq950
                           pass: 0 (raw)
                           fail: 0 (raw)
