Cutflow
└☑─BaseCut
   pass: 3554 (raw) 12995 (wgt)
   fail: 0 (raw)
   └☑─SelectLHEVariables
      pass: 3554 (raw) 12995 (wgt)
      fail: 0 (raw)
      └☑─eq2ElectronsPtGt30
         pass: 3547 (raw) 12969.4 (wgt)
         fail: 7 (raw) 25.5951 (wgt)
         └☑─geq1FatjetsMassGt40
            pass: 3543 (raw) 12954.8 (wgt)
            fail: 4 (raw) 14.6258 (wgt)
            └☑─fatJetHbbScore
               pass: 140 (raw) 511.901 (wgt)
               fail: 3403 (raw) 12442.9 (wgt)
               └☑─geq4JetsPtGt30
                  pass: 21 (raw) 76.7852 (wgt)
                  fail: 119 (raw) 435.116 (wgt)
                  └☑─mjjGt500
                     pass: 11 (raw) 40.2208 (wgt)
                     fail: 10 (raw) 36.5644 (wgt)
                     └☑─deltaEtaGt3
                        pass: 8 (raw) 29.2515 (wgt)
                        fail: 3 (raw) 10.9693 (wgt)
                        └☑─stgeq950
                           pass: 3 (raw) 10.9693 (wgt)
                           fail: 5 (raw) 18.2822 (wgt)
