Cutflow
└☑─BaseCut
   pass: 101505 (raw) 371147 (wgt)
   fail: 0 (raw)
   └☑─SelectLHEVariables
      pass: 101505 (raw) 371147 (wgt)
      fail: 0 (raw)
      └☑─eq2ElectronsPtGt30
         pass: 30034 (raw) 109817 (wgt)
         fail: 71471 (raw) 261329 (wgt)
         └☑─geq1FatjetsMassGt40
            pass: 9950 (raw) 36381.6 (wgt)
            fail: 20084 (raw) 73435.9 (wgt)
            └☑─fatJetHbbScore
               pass: 354 (raw) 1294.38 (wgt)
               fail: 9596 (raw) 35087.2 (wgt)
               └☑─geq4JetsPtGt30
                  pass: 26 (raw) 95.0674 (wgt)
                  fail: 328 (raw) 1199.31 (wgt)
                  └☑─mjjGt500
                     pass: 7 (raw) 25.5951 (wgt)
                     fail: 19 (raw) 69.4723 (wgt)
                     └☑─deltaEtaGt3
                        pass: 1 (raw) 3.65644 (wgt)
                        fail: 6 (raw) 21.9386 (wgt)
                        └☑─stgeq950
                           pass: 0 (raw)
                           fail: 1 (raw) 3.65644 (wgt)
