Cutflow
└☑─BaseCut
   pass: 83522 (raw) 105543 (wgt)
   fail: 0 (raw)
   └☑─SelectLHEVariables
      pass: 83522 (raw) 105543 (wgt)
      fail: 0 (raw)
      └☑─eq2ElectronsPtGt30
         pass: 29427 (raw) 37185.6 (wgt)
         fail: 54095 (raw) 68357.5 (wgt)
         └☑─geq1FatjetsMassGt40
            pass: 9688 (raw) 12242.3 (wgt)
            fail: 19739 (raw) 24943.3 (wgt)
            └☑─fatJetHbbScore
               pass: 376 (raw) 475.135 (wgt)
               fail: 9312 (raw) 11767.2 (wgt)
               └☑─geq4JetsPtGt30
                  pass: 23 (raw) 29.0641 (wgt)
                  fail: 353 (raw) 446.071 (wgt)
                  └☑─mjjGt500
                     pass: 11 (raw) 13.9002 (wgt)
                     fail: 12 (raw) 15.1639 (wgt)
                     └☑─deltaEtaGt3
                        pass: 11 (raw) 13.9002 (wgt)
                        fail: 0 (raw)
                        └☑─stgeq950
                           pass: 0 (raw)
                           fail: 11 (raw) 13.9002 (wgt)
