Cutflow
└☑─BaseCut
   pass: 83522 (raw) 105543 (wgt)
   fail: 0 (raw)
   └☑─SelectLHEVariables
      pass: 83522 (raw) 105543 (wgt)
      fail: 0 (raw)
      └☑─eq2ElectronsPtGt30
         pass: 23341 (raw) 29495 (wgt)
         fail: 60181 (raw) 76048.2 (wgt)
         └☑─geq1FatjetsMassGt40
            pass: 7876 (raw) 9952.57 (wgt)
            fail: 15465 (raw) 19542.5 (wgt)
            └☑─fatJetHbbScore
               pass: 305 (raw) 385.415 (wgt)
               fail: 7571 (raw) 9567.15 (wgt)
               └☑─geq4JetsPtGt30
                  pass: 18 (raw) 22.7458 (wgt)
                  fail: 287 (raw) 362.67 (wgt)
                  └☑─mjjGt500
                     pass: 6 (raw) 7.58194 (wgt)
                     fail: 12 (raw) 15.1639 (wgt)
                     └☑─deltaEtaGt3
                        pass: 1 (raw) 1.26366 (wgt)
                        fail: 5 (raw) 6.31829 (wgt)
                        └☑─stgeq950
                           pass: 0 (raw)
                           fail: 1 (raw) 1.26366 (wgt)
