Cutflow
└☑─BaseCut
   pass: 96680 (raw) 372542 (wgt)
   fail: 0 (raw)
   └☑─SelectLHEVariables
      pass: 96680 (raw) 372542 (wgt)
      fail: 0 (raw)
      └☑─eq2ElectronsPtGt30
         pass: 36190 (raw) 139453 (wgt)
         fail: 60490 (raw) 233089 (wgt)
         └☑─geq1FatjetsMassGt40
            pass: 11515 (raw) 44371.3 (wgt)
            fail: 24675 (raw) 95081.3 (wgt)
            └☑─fatJetHbbScore
               pass: 439 (raw) 1691.62 (wgt)
               fail: 11076 (raw) 42679.7 (wgt)
               └☑─geq4JetsPtGt30
                  pass: 36 (raw) 138.72 (wgt)
                  fail: 403 (raw) 1552.9 (wgt)
                  └☑─mjjGt500
                     pass: 15 (raw) 57.8002 (wgt)
                     fail: 21 (raw) 80.9203 (wgt)
                     └☑─deltaEtaGt3
                        pass: 10 (raw) 38.5335 (wgt)
                        fail: 5 (raw) 19.2667 (wgt)
                        └☑─stgeq950
                           pass: 0 (raw)
                           fail: 10 (raw) 38.5335 (wgt)
