Cutflow
└☑─BaseCut
   pass: 104092 (raw) 265312 (wgt)
   fail: 0 (raw)
   └☑─SelectLHEVariables
      pass: 104092 (raw) 265312 (wgt)
      fail: 0 (raw)
      └☑─eq2ElectronsPtGt30
         pass: 30592 (raw) 77973.7 (wgt)
         fail: 73500 (raw) 187339 (wgt)
         └☑─geq1FatjetsMassGt40
            pass: 10315 (raw) 26291.1 (wgt)
            fail: 20277 (raw) 51682.5 (wgt)
            └☑─fatJetHbbScore
               pass: 423 (raw) 1078.15 (wgt)
               fail: 9892 (raw) 25213 (wgt)
               └☑─geq4JetsPtGt30
                  pass: 29 (raw) 73.916 (wgt)
                  fail: 394 (raw) 1004.24 (wgt)
                  └☑─mjjGt500
                     pass: 4 (raw) 10.1953 (wgt)
                     fail: 25 (raw) 63.7207 (wgt)
                     └☑─deltaEtaGt3
                        pass: 0 (raw)
                        fail: 4 (raw) 10.1953 (wgt)
                        └☑─stgeq950
                           pass: 0 (raw)
                           fail: 0 (raw)
