Cutflow
└☑─BaseCut
   pass: 76448 (raw) 2141.01 (wgt)
   fail: 0 (raw)
   └☑─SelectLHEVariables
      pass: 76448 (raw) 2141.01 (wgt)
      fail: 0 (raw)
      └☑─eq2ElectronsPtGt30
         pass: 39140 (raw) 1095.43 (wgt)
         fail: 37308 (raw) 1045.59 (wgt)
         └☑─geq1FatjetsMassGt40
            pass: 37418 (raw) 1048.58 (wgt)
            fail: 1722 (raw) 46.8411 (wgt)
            └☑─fatJetHbbScore
               pass: 6118 (raw) 171.148 (wgt)
               fail: 31300 (raw) 877.436 (wgt)
               └☑─geq4JetsPtGt30
                  pass: 1902 (raw) 53.2824 (wgt)
                  fail: 4216 (raw) 117.865 (wgt)
                  └☑─mjjGt500
                     pass: 872 (raw) 24.4658 (wgt)
                     fail: 1030 (raw) 28.8166 (wgt)
                     └☑─deltaEtaGt3
                        pass: 744 (raw) 20.8496 (wgt)
                        fail: 128 (raw) 3.6162 (wgt)
                        └☑─stgeq950
                           pass: 87 (raw) 2.40138 (wgt)
                           fail: 657 (raw) 18.4483 (wgt)
