Cutflow
└☑─BaseCut
   pass: 99148 (raw) 2945.9 (wgt)
   fail: 0 (raw)
   └☑─SelectLHEVariables
      pass: 99148 (raw) 2945.9 (wgt)
      fail: 0 (raw)
      └☑─eq2ElectronsPtGt30
         pass: 50815 (raw) 1509.63 (wgt)
         fail: 48333 (raw) 1436.28 (wgt)
         └☑─geq1FatjetsMassGt40
            pass: 48526 (raw) 1443.02 (wgt)
            fail: 2289 (raw) 66.6034 (wgt)
            └☑─fatJetHbbScore
               pass: 8126 (raw) 239.604 (wgt)
               fail: 40400 (raw) 1203.42 (wgt)
               └☑─geq4JetsPtGt30
                  pass: 2455 (raw) 72.601 (wgt)
                  fail: 5671 (raw) 167.003 (wgt)
                  └☑─mjjGt500
                     pass: 1102 (raw) 32.567 (wgt)
                     fail: 1353 (raw) 40.034 (wgt)
                     └☑─deltaEtaGt3
                        pass: 938 (raw) 27.8289 (wgt)
                        fail: 164 (raw) 4.73811 (wgt)
                        └☑─stgeq950
                           pass: 122 (raw) 3.65854 (wgt)
                           fail: 816 (raw) 24.1703 (wgt)
