Cutflow
└☑─BaseCut
   pass: 4810552 (raw) 134323 (wgt)
   fail: 0 (raw)
   └☑─SelectLHEVariables
      pass: 4810552 (raw) 134323 (wgt)
      fail: 0 (raw)
      └☑─eq2ElectronsPtGt30
         pass: 323859 (raw) 9075.33 (wgt)
         fail: 4486693 (raw) 125247 (wgt)
         └☑─geq1FatjetsMassGt40
            pass: 107312 (raw) 3011.84 (wgt)
            fail: 216547 (raw) 6063.49 (wgt)
            └☑─fatJetHbbScore
               pass: 17528 (raw) 489.825 (wgt)
               fail: 89784 (raw) 2522.02 (wgt)
               └☑─geq4JetsPtGt30
                  pass: 3418 (raw) 95.8857 (wgt)
                  fail: 14110 (raw) 393.94 (wgt)
                  └☑─mjjGt500
                     pass: 676 (raw) 18.872 (wgt)
                     fail: 2742 (raw) 77.0137 (wgt)
                     └☑─deltaEtaGt3
                        pass: 200 (raw) 5.65031 (wgt)
                        fail: 476 (raw) 13.2217 (wgt)
                        └☑─stgeq950
                           pass: 3 (raw) 0.0847546 (wgt)
                           fail: 197 (raw) 5.56555 (wgt)
