Cutflow
└☑─BaseCut
   pass: 26561 (raw) 27.8141 (wgt)
   fail: 0 (raw)
   └☑─SelectLHEVariables
      pass: 26561 (raw) 27.8141 (wgt)
      fail: 0 (raw)
      └☑─eq2ElectronsPtGt30
         pass: 946 (raw) 0.990632 (wgt)
         fail: 25615 (raw) 26.8235 (wgt)
         └☑─geq1FatjetsMassGt40
            pass: 772 (raw) 0.808423 (wgt)
            fail: 174 (raw) 0.182209 (wgt)
            └☑─fatJetHbbScore
               pass: 344 (raw) 0.36023 (wgt)
               fail: 428 (raw) 0.448193 (wgt)
               └☑─geq4JetsPtGt30
                  pass: 34 (raw) 0.0356041 (wgt)
                  fail: 310 (raw) 0.324626 (wgt)
                  └☑─mjjGt500
                     pass: 33 (raw) 0.0345569 (wgt)
                     fail: 1 (raw) 0.00104718 (wgt)
                     └☑─deltaEtaGt3
                        pass: 32 (raw) 0.0335097 (wgt)
                        fail: 1 (raw) 0.00104718 (wgt)
                        └☑─stgeq950
                           pass: 3 (raw) 0.00314154 (wgt)
                           fail: 29 (raw) 0.0303682 (wgt)
