Cutflow
└☑─BaseCut
   pass: 26577 (raw) 13.0966 (wgt)
   fail: 0 (raw)
   └☑─SelectLHEVariables
      pass: 26577 (raw) 13.0966 (wgt)
      fail: 0 (raw)
      └☑─eq2ElectronsPtGt30
         pass: 852 (raw) 0.419849 (wgt)
         fail: 25725 (raw) 12.6768 (wgt)
         └☑─geq1FatjetsMassGt40
            pass: 714 (raw) 0.351845 (wgt)
            fail: 138 (raw) 0.0680037 (wgt)
            └☑─fatJetHbbScore
               pass: 304 (raw) 0.149805 (wgt)
               fail: 410 (raw) 0.20204 (wgt)
               └☑─geq4JetsPtGt30
                  pass: 23 (raw) 0.011334 (wgt)
                  fail: 281 (raw) 0.138471 (wgt)
                  └☑─mjjGt500
                     pass: 20 (raw) 0.00985561 (wgt)
                     fail: 3 (raw) 0.00147834 (wgt)
                     └☑─deltaEtaGt3
                        pass: 20 (raw) 0.00985561 (wgt)
                        fail: 0 (raw)
                        └☑─stgeq950
                           pass: 0 (raw)
                           fail: 20 (raw) 0.00985561 (wgt)
