Cutflow
└☑─BaseCut
   pass: 21993 (raw) 7.18717 (wgt)
   fail: 0 (raw)
   └☑─SelectLHEVariables
      pass: 21993 (raw) 7.18717 (wgt)
      fail: 0 (raw)
      └☑─eq2ElectronsPtGt30
         pass: 1762 (raw) 0.57581 (wgt)
         fail: 20231 (raw) 6.61136 (wgt)
         └☑─geq1FatjetsMassGt40
            pass: 1510 (raw) 0.493458 (wgt)
            fail: 252 (raw) 0.082352 (wgt)
            └☑─fatJetHbbScore
               pass: 667 (raw) 0.217971 (wgt)
               fail: 843 (raw) 0.275487 (wgt)
               └☑─geq4JetsPtGt30
                  pass: 179 (raw) 0.058496 (wgt)
                  fail: 488 (raw) 0.159475 (wgt)
                  └☑─mjjGt500
                     pass: 102 (raw) 0.0333329 (wgt)
                     fail: 77 (raw) 0.0251631 (wgt)
                     └☑─deltaEtaGt3
                        pass: 20 (raw) 0.00653587 (wgt)
                        fail: 82 (raw) 0.0267971 (wgt)
                        └☑─stgeq950
                           pass: 9 (raw) 0.00294114 (wgt)
                           fail: 11 (raw) 0.00359473 (wgt)
