Cutflow
└☑─BaseCut
   pass: 265 (raw) 0.165161 (wgt)
   fail: 0 (raw)
   └☑─SelectLHEVariables
      pass: 265 (raw) 0.165161 (wgt)
      fail: 0 (raw)
      └☑─eq2ElectronsPtGt30
         pass: 152 (raw) 0.0947339 (wgt)
         fail: 113 (raw) 0.0704272 (wgt)
         └☑─geq1FatjetsMassGt40
            pass: 150 (raw) 0.0934874 (wgt)
            fail: 2 (raw) 0.0012465 (wgt)
            └☑─fatJetHbbScore
               pass: 20 (raw) 0.012465 (wgt)
               fail: 130 (raw) 0.0810224 (wgt)
               └☑─geq4JetsPtGt30
                  pass: 3 (raw) 0.00186975 (wgt)
                  fail: 17 (raw) 0.0105952 (wgt)
                  └☑─mjjGt500
                     pass: 3 (raw) 0.00186975 (wgt)
                     fail: 0 (raw)
                     └☑─deltaEtaGt3
                        pass: 3 (raw) 0.00186975 (wgt)
                        fail: 0 (raw)
                        └☑─stgeq950
                           pass: 2 (raw) 0.0012465 (wgt)
                           fail: 1 (raw) 0.000623249 (wgt)
