Cutflow
└☑─BaseCut
   pass: 21829 (raw) 21.8635 (wgt)
   fail: 0 (raw)
   └☑─SelectLHEVariables
      pass: 21829 (raw) 21.8635 (wgt)
      fail: 0 (raw)
      └☑─eq2ElectronsPtGt30
         pass: 2115 (raw) 2.11835 (wgt)
         fail: 19714 (raw) 19.7452 (wgt)
         └☑─geq1FatjetsMassGt40
            pass: 1821 (raw) 1.82388 (wgt)
            fail: 294 (raw) 0.294465 (wgt)
            └☑─fatJetHbbScore
               pass: 775 (raw) 0.776226 (wgt)
               fail: 1046 (raw) 1.04765 (wgt)
               └☑─geq4JetsPtGt30
                  pass: 254 (raw) 0.254402 (wgt)
                  fail: 521 (raw) 0.521824 (wgt)
                  └☑─mjjGt500
                     pass: 221 (raw) 0.22135 (wgt)
                     fail: 33 (raw) 0.0330522 (wgt)
                     └☑─deltaEtaGt3
                        pass: 216 (raw) 0.216342 (wgt)
                        fail: 5 (raw) 0.00500791 (wgt)
                        └☑─stgeq950
                           pass: 4 (raw) 0.00400633 (wgt)
                           fail: 212 (raw) 0.212335 (wgt)
