Cutflow
└☑─BaseCut
   pass: 21910 (raw) 6.16588 (wgt)
   fail: 0 (raw)
   └☑─SelectLHEVariables
      pass: 21910 (raw) 6.16588 (wgt)
      fail: 0 (raw)
      └☑─eq2ElectronsPtGt30
         pass: 1850 (raw) 0.520624 (wgt)
         fail: 20060 (raw) 5.64526 (wgt)
         └☑─geq1FatjetsMassGt40
            pass: 1585 (raw) 0.446048 (wgt)
            fail: 265 (raw) 0.0745759 (wgt)
            └☑─fatJetHbbScore
               pass: 651 (raw) 0.183203 (wgt)
               fail: 934 (raw) 0.262845 (wgt)
               └☑─geq4JetsPtGt30
                  pass: 198 (raw) 0.0557209 (wgt)
                  fail: 453 (raw) 0.127483 (wgt)
                  └☑─mjjGt500
                     pass: 118 (raw) 0.0332074 (wgt)
                     fail: 80 (raw) 0.0225135 (wgt)
                     └☑─deltaEtaGt3
                        pass: 27 (raw) 0.0075983 (wgt)
                        fail: 91 (raw) 0.0256091 (wgt)
                        └☑─stgeq950
                           pass: 9 (raw) 0.00253277 (wgt)
                           fail: 18 (raw) 0.00506553 (wgt)
