Cutflow
└☑─BaseCut
   pass: 29692 (raw) 26.692 (wgt)
   fail: 0 (raw)
   └☑─SelectLHEVariables
      pass: 29692 (raw) 26.692 (wgt)
      fail: 0 (raw)
      └☑─eq2ElectronsPtGt30
         pass: 415 (raw) 0.37307 (wgt)
         fail: 29277 (raw) 26.319 (wgt)
         └☑─geq1FatjetsMassGt40
            pass: 348 (raw) 0.312839 (wgt)
            fail: 67 (raw) 0.0602306 (wgt)
            └☑─fatJetHbbScore
               pass: 46 (raw) 0.0413523 (wgt)
               fail: 302 (raw) 0.271487 (wgt)
               └☑─geq4JetsPtGt30
                  pass: 13 (raw) 0.0116865 (wgt)
                  fail: 33 (raw) 0.0296658 (wgt)
                  └☑─mjjGt500
                     pass: 11 (raw) 0.0098886 (wgt)
                     fail: 2 (raw) 0.00179793 (wgt)
                     └☑─deltaEtaGt3
                        pass: 11 (raw) 0.0098886 (wgt)
                        fail: 0 (raw)
                        └☑─stgeq950
                           pass: 0 (raw)
                           fail: 11 (raw) 0.0098886 (wgt)
