Cutflow
└☑─BaseCut
   pass: 21829 (raw) 21.8635 (wgt)
   fail: 0 (raw)
   └☑─SelectLHEVariables
      pass: 21829 (raw) 21.8635 (wgt)
      fail: 0 (raw)
      └☑─eq2ElectronsPtGt30
         pass: 1932 (raw) 1.93506 (wgt)
         fail: 19897 (raw) 19.9285 (wgt)
         └☑─geq1FatjetsMassGt40
            pass: 1668 (raw) 1.67064 (wgt)
            fail: 264 (raw) 0.264418 (wgt)
            └☑─fatJetHbbScore
               pass: 713 (raw) 0.714128 (wgt)
               fail: 955 (raw) 0.956511 (wgt)
               └☑─geq4JetsPtGt30
                  pass: 229 (raw) 0.229362 (wgt)
                  fail: 484 (raw) 0.484766 (wgt)
                  └☑─mjjGt500
                     pass: 112 (raw) 0.112177 (wgt)
                     fail: 117 (raw) 0.117185 (wgt)
                     └☑─deltaEtaGt3
                        pass: 32 (raw) 0.0320506 (wgt)
                        fail: 80 (raw) 0.0801266 (wgt)
                        └☑─stgeq950
                           pass: 9 (raw) 0.00901424 (wgt)
                           fail: 23 (raw) 0.0230364 (wgt)
