Cutflow
└☑─BaseCut
   pass: 1253 (raw) 0.870129 (wgt)
   fail: 0 (raw)
   └☑─SelectLHEVariables
      pass: 1253 (raw) 0.870129 (wgt)
      fail: 0 (raw)
      └☑─eq2ElectronsPtGt30
         pass: 1158 (raw) 0.804157 (wgt)
         fail: 95 (raw) 0.0659714 (wgt)
         └☑─geq1FatjetsMassGt40
            pass: 1158 (raw) 0.804157 (wgt)
            fail: 0 (raw)
            └☑─fatJetHbbScore
               pass: 505 (raw) 0.35069 (wgt)
               fail: 653 (raw) 0.453467 (wgt)
               └☑─geq4JetsPtGt30
                  pass: 164 (raw) 0.113888 (wgt)
                  fail: 341 (raw) 0.236803 (wgt)
                  └☑─mjjGt500
                     pass: 153 (raw) 0.106249 (wgt)
                     fail: 11 (raw) 0.0076388 (wgt)
                     └☑─deltaEtaGt3
                        pass: 152 (raw) 0.105554 (wgt)
                        fail: 1 (raw) 0.000694436 (wgt)
                        └☑─stgeq950
                           pass: 126 (raw) 0.087499 (wgt)
                           fail: 26 (raw) 0.0180553 (wgt)
