Cutflow
└☑─BaseCut
   pass: 2984 (raw) 1.33916 (wgt)
   fail: 0 (raw)
   └☑─SelectLHEVariables
      pass: 2984 (raw) 1.33916 (wgt)
      fail: 0 (raw)
      └☑─eq2ElectronsPtGt30
         pass: 2889 (raw) 1.29652 (wgt)
         fail: 95 (raw) 0.0426341 (wgt)
         └☑─geq1FatjetsMassGt40
            pass: 2887 (raw) 1.29563 (wgt)
            fail: 2 (raw) 0.000897559 (wgt)
            └☑─fatJetHbbScore
               pass: 1563 (raw) 0.701443 (wgt)
               fail: 1324 (raw) 0.594184 (wgt)
               └☑─geq4JetsPtGt30
                  pass: 524 (raw) 0.235161 (wgt)
                  fail: 1039 (raw) 0.466282 (wgt)
                  └☑─mjjGt500
                     pass: 486 (raw) 0.218107 (wgt)
                     fail: 38 (raw) 0.0170536 (wgt)
                     └☑─deltaEtaGt3
                        pass: 480 (raw) 0.215414 (wgt)
                        fail: 6 (raw) 0.00269268 (wgt)
                        └☑─stgeq950
                           pass: 404 (raw) 0.181307 (wgt)
                           fail: 76 (raw) 0.0341073 (wgt)
