Cutflow
└☑─BaseCut
   pass: 2757 (raw) 0.576371 (wgt)
   fail: 0 (raw)
   └☑─SelectLHEVariables
      pass: 2757 (raw) 0.576371 (wgt)
      fail: 0 (raw)
      └☑─eq2ElectronsPtGt30
         pass: 2665 (raw) 0.557137 (wgt)
         fail: 92 (raw) 0.0192333 (wgt)
         └☑─geq1FatjetsMassGt40
            pass: 2664 (raw) 0.556928 (wgt)
            fail: 1 (raw) 0.000209057 (wgt)
            └☑─fatJetHbbScore
               pass: 1502 (raw) 0.314004 (wgt)
               fail: 1162 (raw) 0.242924 (wgt)
               └☑─geq4JetsPtGt30
                  pass: 500 (raw) 0.104529 (wgt)
                  fail: 1002 (raw) 0.209475 (wgt)
                  └☑─mjjGt500
                     pass: 448 (raw) 0.0936576 (wgt)
                     fail: 52 (raw) 0.010871 (wgt)
                     └☑─deltaEtaGt3
                        pass: 445 (raw) 0.0930305 (wgt)
                        fail: 3 (raw) 0.000627172 (wgt)
                        └☑─stgeq950
                           pass: 381 (raw) 0.0796508 (wgt)
                           fail: 64 (raw) 0.0133797 (wgt)
