Cutflow
└☑─BaseCut
   pass: 2912 (raw) 0.529607 (wgt)
   fail: 0 (raw)
   └☑─SelectLHEVariables
      pass: 2912 (raw) 0.529607 (wgt)
      fail: 0 (raw)
      └☑─eq2ElectronsPtGt30
         pass: 2823 (raw) 0.51342 (wgt)
         fail: 89 (raw) 0.0161865 (wgt)
         └☑─geq1FatjetsMassGt40
            pass: 2820 (raw) 0.512875 (wgt)
            fail: 3 (raw) 0.000545611 (wgt)
            └☑─fatJetHbbScore
               pass: 1580 (raw) 0.287355 (wgt)
               fail: 1240 (raw) 0.225519 (wgt)
               └☑─geq4JetsPtGt30
                  pass: 553 (raw) 0.100574 (wgt)
                  fail: 1027 (raw) 0.186781 (wgt)
                  └☑─mjjGt500
                     pass: 495 (raw) 0.0900258 (wgt)
                     fail: 58 (raw) 0.0105485 (wgt)
                     └☑─deltaEtaGt3
                        pass: 487 (raw) 0.0885709 (wgt)
                        fail: 8 (raw) 0.00145496 (wgt)
                        └☑─stgeq950
                           pass: 423 (raw) 0.0769312 (wgt)
                           fail: 64 (raw) 0.0116397 (wgt)
