Cutflow
└☑─BaseCut
   pass: 3059 (raw) 1.96013 (wgt)
   fail: 0 (raw)
   └☑─SelectLHEVariables
      pass: 3059 (raw) 1.96013 (wgt)
      fail: 0 (raw)
      └☑─eq2ElectronsPtGt30
         pass: 2952 (raw) 1.89156 (wgt)
         fail: 107 (raw) 0.0685627 (wgt)
         └☑─geq1FatjetsMassGt40
            pass: 2948 (raw) 1.889 (wgt)
            fail: 4 (raw) 0.00256309 (wgt)
            └☑─fatJetHbbScore
               pass: 1601 (raw) 1.02588 (wgt)
               fail: 1347 (raw) 0.863122 (wgt)
               └☑─geq4JetsPtGt30
                  pass: 544 (raw) 0.348581 (wgt)
                  fail: 1057 (raw) 0.677297 (wgt)
                  └☑─mjjGt500
                     pass: 511 (raw) 0.327435 (wgt)
                     fail: 33 (raw) 0.0211455 (wgt)
                     └☑─deltaEtaGt3
                        pass: 501 (raw) 0.321027 (wgt)
                        fail: 10 (raw) 0.00640773 (wgt)
                        └☑─stgeq950
                           pass: 415 (raw) 0.265921 (wgt)
                           fail: 86 (raw) 0.0551065 (wgt)
