Cutflow
└☑─BaseCut
   pass: 140 (raw) 9.92055 (wgt)
   fail: 0 (raw)
   └☑─SelectLHEVariables
      pass: 140 (raw) 9.92055 (wgt)
      fail: 0 (raw)
      └☑─eq2ElectronsPtGt30
         pass: 62 (raw) 4.39338 (wgt)
         fail: 78 (raw) 5.52716 (wgt)
         └☑─geq1FatjetsMassGt40
            pass: 62 (raw) 4.39338 (wgt)
            fail: 0 (raw)
            └☑─fatJetHbbScore
               pass: 2 (raw) 0.141722 (wgt)
               fail: 60 (raw) 4.25166 (wgt)
               └☑─geq4JetsPtGt30
                  pass: 0 (raw)
                  fail: 2 (raw) 0.141722 (wgt)
                  └☑─mjjGt500
                     pass: 0 (raw)
                     fail: 0 (raw)
                     └☑─deltaEtaGt3
                        pass: 0 (raw)
                        fail: 0 (raw)
                        └☑─stgeq950
                           pass: 0 (raw)
                           fail: 0 (raw)
