Cutflow
└☑─BaseCut
   pass: 25929 (raw) 1833.67 (wgt)
   fail: 0 (raw)
   └☑─SelectLHEVariables
      pass: 25929 (raw) 1833.67 (wgt)
      fail: 0 (raw)
      └☑─eq2ElectronsPtGt30
         pass: 2312 (raw) 163.547 (wgt)
         fail: 23617 (raw) 1670.12 (wgt)
         └☑─geq1FatjetsMassGt40
            pass: 875 (raw) 62.0034 (wgt)
            fail: 1437 (raw) 101.544 (wgt)
            └☑─fatJetHbbScore
               pass: 17 (raw) 1.20464 (wgt)
               fail: 858 (raw) 60.7988 (wgt)
               └☑─geq4JetsPtGt30
                  pass: 0 (raw)
                  fail: 17 (raw) 1.20464 (wgt)
                  └☑─mjjGt500
                     pass: 0 (raw)
                     fail: 0 (raw)
                     └☑─deltaEtaGt3
                        pass: 0 (raw)
                        fail: 0 (raw)
                        └☑─stgeq950
                           pass: 0 (raw)
                           fail: 0 (raw)
