Cutflow
└☑─BaseCut
   pass: 145 (raw) 11.4643 (wgt)
   fail: 0 (raw)
   └☑─SelectLHEVariables
      pass: 145 (raw) 11.4643 (wgt)
      fail: 0 (raw)
      └☑─eq2ElectronsPtGt30
         pass: 84 (raw) 6.64141 (wgt)
         fail: 61 (raw) 4.82293 (wgt)
         └☑─geq1FatjetsMassGt40
            pass: 83 (raw) 6.56234 (wgt)
            fail: 1 (raw) 0.0790643 (wgt)
            └☑─fatJetHbbScore
               pass: 6 (raw) 0.474386 (wgt)
               fail: 77 (raw) 6.08795 (wgt)
               └☑─geq4JetsPtGt30
                  pass: 1 (raw) 0.0790643 (wgt)
                  fail: 5 (raw) 0.395322 (wgt)
                  └☑─mjjGt500
                     pass: 1 (raw) 0.0790643 (wgt)
                     fail: 0 (raw)
                     └☑─deltaEtaGt3
                        pass: 1 (raw) 0.0790643 (wgt)
                        fail: 0 (raw)
                        └☑─stgeq950
                           pass: 1 (raw) 0.0790643 (wgt)
                           fail: 0 (raw)
