Cutflow
└☑─BaseCut
   pass: 89965 (raw) 6570.12 (wgt)
   fail: 0 (raw)
   └☑─SelectLHEVariables
      pass: 89965 (raw) 6570.12 (wgt)
      fail: 0 (raw)
      └☑─eq2ElectronsPtGt30
         pass: 8525 (raw) 622.084 (wgt)
         fail: 81440 (raw) 5948.03 (wgt)
         └☑─geq1FatjetsMassGt40
            pass: 3059 (raw) 223.119 (wgt)
            fail: 5466 (raw) 398.965 (wgt)
            └☑─fatJetHbbScore
               pass: 79 (raw) 5.78104 (wgt)
               fail: 2980 (raw) 217.338 (wgt)
               └☑─geq4JetsPtGt30
                  pass: 1 (raw) 0.0731778 (wgt)
                  fail: 78 (raw) 5.70787 (wgt)
                  └☑─mjjGt500
                     pass: 1 (raw) 0.0731778 (wgt)
                     fail: 0 (raw)
                     └☑─deltaEtaGt3
                        pass: 0 (raw)
                        fail: 1 (raw) 0.0731778 (wgt)
                        └☑─stgeq950
                           pass: 0 (raw)
                           fail: 0 (raw)
