Cutflow
└☑─BaseCut
   pass: 26494 (raw) 2091.09 (wgt)
   fail: 0 (raw)
   └☑─SelectLHEVariables
      pass: 26494 (raw) 2091.09 (wgt)
      fail: 0 (raw)
      └☑─eq2ElectronsPtGt30
         pass: 2358 (raw) 185.801 (wgt)
         fail: 24136 (raw) 1905.29 (wgt)
         └☑─geq1FatjetsMassGt40
            pass: 880 (raw) 69.4185 (wgt)
            fail: 1478 (raw) 116.383 (wgt)
            └☑─fatJetHbbScore
               pass: 24 (raw) 1.89754 (wgt)
               fail: 856 (raw) 67.521 (wgt)
               └☑─geq4JetsPtGt30
                  pass: 3 (raw) 0.237193 (wgt)
                  fail: 21 (raw) 1.66035 (wgt)
                  └☑─mjjGt500
                     pass: 1 (raw) 0.0790643 (wgt)
                     fail: 2 (raw) 0.158129 (wgt)
                     └☑─deltaEtaGt3
                        pass: 0 (raw)
                        fail: 1 (raw) 0.0790643 (wgt)
                        └☑─stgeq950
                           pass: 0 (raw)
                           fail: 0 (raw)
