Cutflow
└☑─BaseCut
   pass: 64578 (raw) 4605.57 (wgt)
   fail: 0 (raw)
   └☑─SelectLHEVariables
      pass: 64578 (raw) 4605.57 (wgt)
      fail: 0 (raw)
      └☑─eq2ElectronsPtGt30
         pass: 7918 (raw) 565.052 (wgt)
         fail: 56660 (raw) 4040.51 (wgt)
         └☑─geq1FatjetsMassGt40
            pass: 2847 (raw) 203.376 (wgt)
            fail: 5071 (raw) 361.676 (wgt)
            └☑─fatJetHbbScore
               pass: 59 (raw) 4.21467 (wgt)
               fail: 2788 (raw) 199.161 (wgt)
               └☑─geq4JetsPtGt30
                  pass: 1 (raw) 0.0714351 (wgt)
                  fail: 58 (raw) 4.14324 (wgt)
                  └☑─mjjGt500
                     pass: 0 (raw)
                     fail: 1 (raw) 0.0714351 (wgt)
                     └☑─deltaEtaGt3
                        pass: 0 (raw)
                        fail: 0 (raw)
                        └☑─stgeq950
                           pass: 0 (raw)
                           fail: 0 (raw)
